E:\allen的vs学习工程\glog-allen定制版-1011011版本发布后修复\glog-0.3.3\Debug\libglog_d.lib
E:\allen的vs学习工程\glog-allen定制版-1011011版本发布后修复\glog-0.3.3\vsprojects\libglog_static\Debug\cl.command.1.tlog
E:\allen的vs学习工程\glog-allen定制版-1011011版本发布后修复\glog-0.3.3\vsprojects\libglog_static\Debug\CL.read.1.tlog
E:\allen的vs学习工程\glog-allen定制版-1011011版本发布后修复\glog-0.3.3\vsprojects\libglog_static\Debug\CL.write.1.tlog
E:\allen的vs学习工程\glog-allen定制版-1011011版本发布后修复\glog-0.3.3\vsprojects\libglog_static\Debug\lib.command.1.tlog
E:\allen的vs学习工程\glog-allen定制版-1011011版本发布后修复\glog-0.3.3\vsprojects\libglog_static\Debug\libglog_static.write.1.tlog
E:\allen的vs学习工程\glog-allen定制版-1011011版本发布后修复\glog-0.3.3\vsprojects\libglog_static\Debug\Lib-link.read.1.tlog
E:\allen的vs学习工程\glog-allen定制版-1011011版本发布后修复\glog-0.3.3\vsprojects\libglog_static\Debug\Lib-link.write.1.tlog
E:\allen的vs学习工程\glog-allen定制版-1011011版本发布后修复\glog-0.3.3\vsprojects\libglog_static\Debug\LogDelOperate.obj
E:\allen的vs学习工程\glog-allen定制版-1011011版本发布后修复\glog-0.3.3\vsprojects\libglog_static\Debug\logging.obj
E:\allen的vs学习工程\glog-allen定制版-1011011版本发布后修复\glog-0.3.3\vsprojects\libglog_static\Debug\port.obj
E:\allen的vs学习工程\glog-allen定制版-1011011版本发布后修复\glog-0.3.3\vsprojects\libglog_static\Debug\raw_logging.obj
E:\allen的vs学习工程\glog-allen定制版-1011011版本发布后修复\glog-0.3.3\vsprojects\libglog_static\Debug\utilities.obj
E:\allen的vs学习工程\glog-allen定制版-1011011版本发布后修复\glog-0.3.3\vsprojects\libglog_static\Debug\vc100.idb
E:\allen的vs学习工程\glog-allen定制版-1011011版本发布后修复\glog-0.3.3\vsprojects\libglog_static\Debug\vc100.pdb
E:\allen的vs学习工程\glog-allen定制版-1011011版本发布后修复\glog-0.3.3\vsprojects\libglog_static\Debug\vlog_is_on.obj
E:\GLOG-0.3.3\DEBUG\LIBGLOG_D.LIB
E:\GLOG-0.3.3\VSPROJECTS\LIBGLOG_STATIC\DEBUG\LOGDELOPERATE.OBJ
E:\GLOG-0.3.3\VSPROJECTS\LIBGLOG_STATIC\DEBUG\LOGGING.OBJ
E:\GLOG-0.3.3\VSPROJECTS\LIBGLOG_STATIC\DEBUG\PORT.OBJ
E:\GLOG-0.3.3\VSPROJECTS\LIBGLOG_STATIC\DEBUG\RAW_LOGGING.OBJ
E:\GLOG-0.3.3\VSPROJECTS\LIBGLOG_STATIC\DEBUG\UTILITIES.OBJ
E:\GLOG-0.3.3\VSPROJECTS\LIBGLOG_STATIC\DEBUG\VC100.PDB
E:\GLOG-0.3.3\VSPROJECTS\LIBGLOG_STATIC\DEBUG\VLOG_IS_ON.OBJ
