生成启动时间为 2016/7/11 14:49:41。
     1>项目“E:\allen的vs学习工程\glog-allen定制版-1011011版本发布后修复\glog-0.3.3\vsprojects\libglog_static\libglog_static.vcxproj”在节点 2 上(rebuild 个目标)。
     1>_PrepareForClean:
         正在删除文件“Debug\libglog_static.lastbuildstate”。
       InitializeBuildStatus:
         正在创建“Debug\libglog_static.unsuccessfulbuild”，因为已指定“AlwaysCreate”。
       ClCompile:
         C:\Program Files (x86)\Microsoft Visual Studio 10.0\VC\bin\CL.exe /c /I..\..\src\windows /ZI /nologo /W3 /WX- /Od /Oy- /D GOOGLE_GLOG_DLL_DECL= /D _MBCS /Gm /EHsc /RTC1 /MDd /GS /fp:precise /Zc:wchar_t /Zc:forScope /Fo"Debug\\" /Fd"Debug\vc100.pdb" /Gd /TP /analyze- /errorReport:prompt ..\..\src\LogDelOperate.cpp ..\..\src\logging.cc ..\..\src\windows\port.cc ..\..\src\raw_logging.cc ..\..\src\utilities.cc ..\..\src\vlog_is_on.cc
         vlog_is_on.cc
         utilities.cc
         raw_logging.cc
         port.cc
         logging.cc
         LogDelOperate.cpp
         正在生成代码...
       Lib:
         C:\Program Files (x86)\Microsoft Visual Studio 10.0\VC\bin\Lib.exe /OUT:"E:\allen的vs学习工程\glog-allen定制版-1011011版本发布后修复\glog-0.3.3\Debug\libglog_d.lib" /NOLOGO Debug\LogDelOperate.obj
         Debug\logging.obj
         Debug\port.obj
         Debug\raw_logging.obj
         Debug\utilities.obj
         Debug\vlog_is_on.obj
         libglog_static.vcxproj -> E:\allen的vs学习工程\glog-allen定制版-1011011版本发布后修复\glog-0.3.3\Debug\libglog_d.lib
       FinalizeBuildStatus:
         正在删除文件“Debug\libglog_static.unsuccessfulbuild”。
         正在对“Debug\libglog_static.lastbuildstate”执行 Touch 任务。
     1>已完成生成项目“E:\allen的vs学习工程\glog-allen定制版-1011011版本发布后修复\glog-0.3.3\vsprojects\libglog_static\libglog_static.vcxproj”(rebuild 个目标)的操作。

生成成功。

已用时间 00:00:02.79
