E:\allen的vs学习工程\glog-allen定制版-1011011版本发布后修复\glog-0.3.3\Debug\libglog.dll
E:\allen的vs学习工程\glog-allen定制版-1011011版本发布后修复\glog-0.3.3\Debug\libglog.ilk
E:\allen的vs学习工程\glog-allen定制版-1011011版本发布后修复\glog-0.3.3\Debug\libglog.pdb
E:\allen的vs学习工程\glog-allen定制版-1011011版本发布后修复\glog-0.3.3\vsprojects\libglog\Debug\cl.command.1.tlog
E:\allen的vs学习工程\glog-allen定制版-1011011版本发布后修复\glog-0.3.3\vsprojects\libglog\Debug\CL.read.1.tlog
E:\allen的vs学习工程\glog-allen定制版-1011011版本发布后修复\glog-0.3.3\vsprojects\libglog\Debug\CL.write.1.tlog
E:\allen的vs学习工程\glog-allen定制版-1011011版本发布后修复\glog-0.3.3\vsprojects\libglog\Debug\libglog.dll.embed.manifest
E:\allen的vs学习工程\glog-allen定制版-1011011版本发布后修复\glog-0.3.3\vsprojects\libglog\Debug\libglog.dll.embed.manifest.res
E:\allen的vs学习工程\glog-allen定制版-1011011版本发布后修复\glog-0.3.3\vsprojects\libglog\Debug\libglog.dll.intermediate.manifest
E:\allen的vs学习工程\glog-allen定制版-1011011版本发布后修复\glog-0.3.3\vsprojects\libglog\Debug\libglog.vcxprojResolveAssemblyReference.cache
E:\allen的vs学习工程\glog-allen定制版-1011011版本发布后修复\glog-0.3.3\vsprojects\libglog\Debug\libglog.write.1.tlog
E:\allen的vs学习工程\glog-allen定制版-1011011版本发布后修复\glog-0.3.3\vsprojects\libglog\Debug\libglog_manifest.rc
E:\allen的vs学习工程\glog-allen定制版-1011011版本发布后修复\glog-0.3.3\vsprojects\libglog\Debug\link.11552.read.1.tlog
E:\allen的vs学习工程\glog-allen定制版-1011011版本发布后修复\glog-0.3.3\vsprojects\libglog\Debug\link.11552.write.1.tlog
E:\allen的vs学习工程\glog-allen定制版-1011011版本发布后修复\glog-0.3.3\vsprojects\libglog\Debug\link.11552-cvtres.read.1.tlog
E:\allen的vs学习工程\glog-allen定制版-1011011版本发布后修复\glog-0.3.3\vsprojects\libglog\Debug\link.11552-cvtres.write.1.tlog
E:\allen的vs学习工程\glog-allen定制版-1011011版本发布后修复\glog-0.3.3\vsprojects\libglog\Debug\link.1648.read.1.tlog
E:\allen的vs学习工程\glog-allen定制版-1011011版本发布后修复\glog-0.3.3\vsprojects\libglog\Debug\link.1648.write.1.tlog
E:\allen的vs学习工程\glog-allen定制版-1011011版本发布后修复\glog-0.3.3\vsprojects\libglog\Debug\link.1648-cvtres.read.1.tlog
E:\allen的vs学习工程\glog-allen定制版-1011011版本发布后修复\glog-0.3.3\vsprojects\libglog\Debug\link.1648-cvtres.write.1.tlog
E:\allen的vs学习工程\glog-allen定制版-1011011版本发布后修复\glog-0.3.3\vsprojects\libglog\Debug\link.command.1.tlog
E:\allen的vs学习工程\glog-allen定制版-1011011版本发布后修复\glog-0.3.3\vsprojects\libglog\Debug\link.read.1.tlog
E:\allen的vs学习工程\glog-allen定制版-1011011版本发布后修复\glog-0.3.3\vsprojects\libglog\Debug\link.write.1.tlog
E:\allen的vs学习工程\glog-allen定制版-1011011版本发布后修复\glog-0.3.3\vsprojects\libglog\Debug\link-cvtres.read.1.tlog
E:\allen的vs学习工程\glog-allen定制版-1011011版本发布后修复\glog-0.3.3\vsprojects\libglog\Debug\link-cvtres.write.1.tlog
E:\allen的vs学习工程\glog-allen定制版-1011011版本发布后修复\glog-0.3.3\vsprojects\libglog\Debug\LogDelOperate.obj
E:\allen的vs学习工程\glog-allen定制版-1011011版本发布后修复\glog-0.3.3\vsprojects\libglog\Debug\logging.obj
E:\allen的vs学习工程\glog-allen定制版-1011011版本发布后修复\glog-0.3.3\vsprojects\libglog\Debug\mt.command.1.tlog
E:\allen的vs学习工程\glog-allen定制版-1011011版本发布后修复\glog-0.3.3\vsprojects\libglog\Debug\mt.read.1.tlog
E:\allen的vs学习工程\glog-allen定制版-1011011版本发布后修复\glog-0.3.3\vsprojects\libglog\Debug\mt.write.1.tlog
E:\allen的vs学习工程\glog-allen定制版-1011011版本发布后修复\glog-0.3.3\vsprojects\libglog\Debug\port.obj
E:\allen的vs学习工程\glog-allen定制版-1011011版本发布后修复\glog-0.3.3\vsprojects\libglog\Debug\raw_logging.obj
E:\allen的vs学习工程\glog-allen定制版-1011011版本发布后修复\glog-0.3.3\vsprojects\libglog\Debug\rc.command.1.tlog
E:\allen的vs学习工程\glog-allen定制版-1011011版本发布后修复\glog-0.3.3\vsprojects\libglog\Debug\rc.read.1.tlog
E:\allen的vs学习工程\glog-allen定制版-1011011版本发布后修复\glog-0.3.3\vsprojects\libglog\Debug\rc.write.1.tlog
E:\allen的vs学习工程\glog-allen定制版-1011011版本发布后修复\glog-0.3.3\vsprojects\libglog\Debug\utilities.obj
E:\allen的vs学习工程\glog-allen定制版-1011011版本发布后修复\glog-0.3.3\vsprojects\libglog\Debug\vc100.idb
E:\allen的vs学习工程\glog-allen定制版-1011011版本发布后修复\glog-0.3.3\vsprojects\libglog\Debug\vc100.pdb
E:\allen的vs学习工程\glog-allen定制版-1011011版本发布后修复\glog-0.3.3\vsprojects\libglog\Debug\vlog_is_on.obj
E:\GLOG-0.3.3\DEBUG\LIBGLOG.DLL
E:\glog-0.3.3\Debug\libglog.exp
E:\GLOG-0.3.3\DEBUG\LIBGLOG.ILK
E:\glog-0.3.3\Debug\libglog.lib
E:\GLOG-0.3.3\DEBUG\LIBGLOG.PDB
E:\GLOG-0.3.3\VSPROJECTS\LIBGLOG\DEBUG\LIBGLOG.DLL.EMBED.MANIFEST
E:\GLOG-0.3.3\VSPROJECTS\LIBGLOG\DEBUG\LIBGLOG.DLL.EMBED.MANIFEST.RES
E:\GLOG-0.3.3\VSPROJECTS\LIBGLOG\DEBUG\LIBGLOG.DLL.INTERMEDIATE.MANIFEST
E:\GLOG-0.3.3\VSPROJECTS\LIBGLOG\DEBUG\LOGDELOPERATE.OBJ
E:\GLOG-0.3.3\VSPROJECTS\LIBGLOG\DEBUG\LOGGING.OBJ
E:\GLOG-0.3.3\VSPROJECTS\LIBGLOG\DEBUG\PORT.OBJ
E:\GLOG-0.3.3\VSPROJECTS\LIBGLOG\DEBUG\RAW_LOGGING.OBJ
E:\GLOG-0.3.3\VSPROJECTS\LIBGLOG\DEBUG\UTILITIES.OBJ
E:\GLOG-0.3.3\VSPROJECTS\LIBGLOG\DEBUG\VC100.PDB
E:\GLOG-0.3.3\VSPROJECTS\LIBGLOG\DEBUG\VLOG_IS_ON.OBJ
