E:\allen的vs学习工程\glog-allen定制版-1011011版本发布后修复\glog-0.3.3\Release_MT\libglog.dll
E:\allen的vs学习工程\glog-allen定制版-1011011版本发布后修复\glog-0.3.3\Release_MT\libglog.pdb
E:\allen的vs学习工程\glog-allen定制版-1011011版本发布后修复\glog-0.3.3\vsprojects\libglog\Release_MT\cl.command.1.tlog
E:\allen的vs学习工程\glog-allen定制版-1011011版本发布后修复\glog-0.3.3\vsprojects\libglog\Release_MT\CL.read.1.tlog
E:\allen的vs学习工程\glog-allen定制版-1011011版本发布后修复\glog-0.3.3\vsprojects\libglog\Release_MT\CL.write.1.tlog
E:\allen的vs学习工程\glog-allen定制版-1011011版本发布后修复\glog-0.3.3\vsprojects\libglog\Release_MT\libglog.dll.intermediate.manifest
E:\allen的vs学习工程\glog-allen定制版-1011011版本发布后修复\glog-0.3.3\vsprojects\libglog\Release_MT\libglog.write.1.tlog
E:\allen的vs学习工程\glog-allen定制版-1011011版本发布后修复\glog-0.3.3\vsprojects\libglog\Release_MT\link.command.1.tlog
E:\allen的vs学习工程\glog-allen定制版-1011011版本发布后修复\glog-0.3.3\vsprojects\libglog\Release_MT\link.read.1.tlog
E:\allen的vs学习工程\glog-allen定制版-1011011版本发布后修复\glog-0.3.3\vsprojects\libglog\Release_MT\link.write.1.tlog
E:\allen的vs学习工程\glog-allen定制版-1011011版本发布后修复\glog-0.3.3\vsprojects\libglog\Release_MT\LogDelOperate.obj
E:\allen的vs学习工程\glog-allen定制版-1011011版本发布后修复\glog-0.3.3\vsprojects\libglog\Release_MT\logging.obj
E:\allen的vs学习工程\glog-allen定制版-1011011版本发布后修复\glog-0.3.3\vsprojects\libglog\Release_MT\mt.command.1.tlog
E:\allen的vs学习工程\glog-allen定制版-1011011版本发布后修复\glog-0.3.3\vsprojects\libglog\Release_MT\mt.read.1.tlog
E:\allen的vs学习工程\glog-allen定制版-1011011版本发布后修复\glog-0.3.3\vsprojects\libglog\Release_MT\mt.write.1.tlog
E:\allen的vs学习工程\glog-allen定制版-1011011版本发布后修复\glog-0.3.3\vsprojects\libglog\Release_MT\port.obj
E:\allen的vs学习工程\glog-allen定制版-1011011版本发布后修复\glog-0.3.3\vsprojects\libglog\Release_MT\raw_logging.obj
E:\allen的vs学习工程\glog-allen定制版-1011011版本发布后修复\glog-0.3.3\vsprojects\libglog\Release_MT\utilities.obj
E:\allen的vs学习工程\glog-allen定制版-1011011版本发布后修复\glog-0.3.3\vsprojects\libglog\Release_MT\vc100.pdb
E:\allen的vs学习工程\glog-allen定制版-1011011版本发布后修复\glog-0.3.3\vsprojects\libglog\Release_MT\vlog_is_on.obj
E:\GLOG-0.3.3\RELEASE_MT\LIBGLOG.DLL
E:\glog-0.3.3\Release_MT\libglog.exp
E:\glog-0.3.3\Release_MT\libglog.lib
E:\GLOG-0.3.3\RELEASE_MT\LIBGLOG.PDB
E:\GLOG-0.3.3\VSPROJECTS\LIBGLOG\RELEASE_MT\LIBGLOG.DLL.INTERMEDIATE.MANIFEST
E:\GLOG-0.3.3\VSPROJECTS\LIBGLOG\RELEASE_MT\LOGDELOPERATE.OBJ
E:\GLOG-0.3.3\VSPROJECTS\LIBGLOG\RELEASE_MT\LOGGING.OBJ
E:\GLOG-0.3.3\VSPROJECTS\LIBGLOG\RELEASE_MT\PORT.OBJ
E:\GLOG-0.3.3\VSPROJECTS\LIBGLOG\RELEASE_MT\RAW_LOGGING.OBJ
E:\GLOG-0.3.3\VSPROJECTS\LIBGLOG\RELEASE_MT\UTILITIES.OBJ
E:\GLOG-0.3.3\VSPROJECTS\LIBGLOG\RELEASE_MT\VC100.PDB
E:\GLOG-0.3.3\VSPROJECTS\LIBGLOG\RELEASE_MT\VLOG_IS_ON.OBJ
