生成启动时间为 2016/4/25 18:26:50。
     1>项目“E:\allen的vs学习工程\glog-allen定制版\glog-0.3.3\vsprojects\libglog\libglog.vcxproj”在节点 2 上(rebuild 个目标)。
     1>_PrepareForClean:
         正在删除文件“Release\libglog.lastbuildstate”。
       InitializeBuildStatus:
         正在创建“Release\libglog.unsuccessfulbuild”，因为已指定“AlwaysCreate”。
       ClCompile:
         d:\VS2010\VC\bin\CL.exe /c /I..\..\src\windows /Zi /nologo /W3 /WX- /O2 /Oi /Oy- /GL /D WIN32 /D NDEBUG /D _WINDOWS /D _USRDLL /D LIBGLOG_EXPORTS /D _WINDLL /D _UNICODE /D UNICODE /Gm- /EHsc /MD /GS /Gy /fp:precise /Zc:wchar_t /Zc:forScope /Fo"Release\\" /Fd"Release\vc100.pdb" /Gd /TP /analyze- /errorReport:prompt ..\..\src\LogDelOperate.cpp ..\..\src\logging.cc ..\..\src\windows\port.cc ..\..\src\raw_logging.cc ..\..\src\utilities.cc ..\..\src\vlog_is_on.cc
         LogDelOperate.cpp
         logging.cc
         port.cc
         raw_logging.cc
         utilities.cc
         vlog_is_on.cc
       Link:
         d:\VS2010\VC\bin\link.exe /ERRORREPORT:PROMPT /OUT:"E:\allen的vs学习工程\glog-allen定制版\glog-0.3.3\Release\libglog.dll" /INCREMENTAL:NO /NOLOGO kernel32.lib user32.lib gdi32.lib winspool.lib comdlg32.lib advapi32.lib shell32.lib ole32.lib oleaut32.lib uuid.lib odbc32.lib odbccp32.lib /MANIFEST /ManifestFile:"Release\libglog.dll.intermediate.manifest" /MANIFESTUAC:"level='asInvoker' uiAccess='false'" /DEBUG /PDB:"E:\allen的vs学习工程\glog-allen定制版\glog-0.3.3\Release\libglog.pdb" /SUBSYSTEM:WINDOWS /OPT:REF /OPT:ICF /LTCG /TLBID:1 /DYNAMICBASE /NXCOMPAT /IMPLIB:"E:\allen的vs学习工程\glog-allen定制版\glog-0.3.3\Release\libglog.lib" /MACHINE:X86 /DLL Release\LogDelOperate.obj
         Release\logging.obj
         Release\port.obj
         Release\raw_logging.obj
         Release\utilities.obj
         Release\vlog_is_on.obj
            正在创建库 E:\allen的vs学习工程\glog-allen定制版\glog-0.3.3\Release\libglog.lib 和对象 E:\allen的vs学习工程\glog-allen定制版\glog-0.3.3\Release\libglog.exp
         正在生成代码
     1>e:\allen的vs学习工程\glog-allen定制版\glog-0.3.3\src\windows\glog\logging.h(1576): warning C4722: “google::NullStreamFatal::~NullStreamFatal”: 析构函数永远不会返回，可能会发生内存泄漏
         已完成代码的生成
         libglog.vcxproj -> E:\allen的vs学习工程\glog-allen定制版\glog-0.3.3\Release\libglog.dll
       Manifest:
         C:\Program Files (x86)\Microsoft SDKs\Windows\v7.0A\bin\mt.exe /nologo /verbose /outputresource:"E:\allen的vs学习工程\glog-allen定制版\glog-0.3.3\Release\libglog.dll;#2" /manifest Release\libglog.dll.intermediate.manifest
       FinalizeBuildStatus:
         正在删除文件“Release\libglog.unsuccessfulbuild”。
         正在对“Release\libglog.lastbuildstate”执行 Touch 任务。
     1>已完成生成项目“E:\allen的vs学习工程\glog-allen定制版\glog-0.3.3\vsprojects\libglog\libglog.vcxproj”(rebuild 个目标)的操作。

生成成功。

已用时间 00:00:04.10
