E:\ALLEN的VS学习工程\GLOG-ALLEN定制版\GLOG-0.3.3\RELEASE\LIBGLOG.DLL
E:\allen的vs学习工程\glog-allen定制版\glog-0.3.3\Release\libglog.exp
E:\allen的vs学习工程\glog-allen定制版\glog-0.3.3\Release\libglog.lib
E:\ALLEN的VS学习工程\GLOG-ALLEN定制版\GLOG-0.3.3\RELEASE\LIBGLOG.PDB
E:\allen的vs学习工程\glog-allen定制版\glog-0.3.3\vsprojects\libglog\Release\cl.command.1.tlog
E:\allen的vs学习工程\glog-allen定制版\glog-0.3.3\vsprojects\libglog\Release\CL.read.1.tlog
E:\allen的vs学习工程\glog-allen定制版\glog-0.3.3\vsprojects\libglog\Release\CL.write.1.tlog
E:\ALLEN的VS学习工程\GLOG-ALLEN定制版\GLOG-0.3.3\VSPROJECTS\LIBGLOG\RELEASE\LIBGLOG.DLL.INTERMEDIATE.MANIFEST
E:\allen的vs学习工程\glog-allen定制版\glog-0.3.3\vsprojects\libglog\Release\libglog.write.1.tlog
E:\allen的vs学习工程\glog-allen定制版\glog-0.3.3\vsprojects\libglog\Release\link.command.1.tlog
E:\allen的vs学习工程\glog-allen定制版\glog-0.3.3\vsprojects\libglog\Release\link.read.1.tlog
E:\allen的vs学习工程\glog-allen定制版\glog-0.3.3\vsprojects\libglog\Release\link.write.1.tlog
E:\ALLEN的VS学习工程\GLOG-ALLEN定制版\GLOG-0.3.3\VSPROJECTS\LIBGLOG\RELEASE\LOGDELOPERATE.OBJ
E:\ALLEN的VS学习工程\GLOG-ALLEN定制版\GLOG-0.3.3\VSPROJECTS\LIBGLOG\RELEASE\LOGGING.OBJ
E:\allen的vs学习工程\glog-allen定制版\glog-0.3.3\vsprojects\libglog\Release\mt.command.1.tlog
E:\allen的vs学习工程\glog-allen定制版\glog-0.3.3\vsprojects\libglog\Release\mt.read.1.tlog
E:\allen的vs学习工程\glog-allen定制版\glog-0.3.3\vsprojects\libglog\Release\mt.write.1.tlog
E:\ALLEN的VS学习工程\GLOG-ALLEN定制版\GLOG-0.3.3\VSPROJECTS\LIBGLOG\RELEASE\PORT.OBJ
E:\ALLEN的VS学习工程\GLOG-ALLEN定制版\GLOG-0.3.3\VSPROJECTS\LIBGLOG\RELEASE\RAW_LOGGING.OBJ
E:\ALLEN的VS学习工程\GLOG-ALLEN定制版\GLOG-0.3.3\VSPROJECTS\LIBGLOG\RELEASE\UTILITIES.OBJ
E:\ALLEN的VS学习工程\GLOG-ALLEN定制版\GLOG-0.3.3\VSPROJECTS\LIBGLOG\RELEASE\VC100.PDB
E:\ALLEN的VS学习工程\GLOG-ALLEN定制版\GLOG-0.3.3\VSPROJECTS\LIBGLOG\RELEASE\VLOG_IS_ON.OBJ
