Log file created at: 2016/07/05 16:42:08
Running on machine: ALLENHFCHEN-PC4
Log line format: [IWEF]mmdd hh:mm:ss.uuuuuu threadid file:line] msg
I0705 16:42:08.275516 20404 networld_communicate.cpp:928] iepm_qqwb::networld_communicate::CNetworld_Communicate::Pimpl::GetRole_login->[CNetworld_Communicate::LoginChanged]roleType is 13 when login
I0705 16:42:08.277515  2268 UdpServer.cpp:113] CUDPServer::CreateUdpServer->UDP Server Start Success!
I0705 16:42:08.280515 20404 networld_communicate.cpp:619] iepm_qqwb::networld_communicate::CNetworld_Communicate::Pimpl::startTcpSelectServer->Tcp Server Start!LocalIp:10.32.205.44,Port:10004
I0705 16:42:08.280515 20404 CVoiceBroadCast_Operate.cpp:399] qqwb::voicebroadcast::CVoiceBroadCast::GetNetbarAccount->Get sAccounts and iNetbarID success!sAccounts=lyclsgz,iNetbarID=186
E0705 16:42:08.781565 20404 networld_communicate.cpp:998] iepm_qqwb::networld_communicate::CNetworld_Communicate::Pimpl::VoiceGetConfig->server_comm  VoiceGetConfig fail,error nResult=-1,voice_config=
E0705 16:42:09.781666 20404 networld_communicate.cpp:1006] iepm_qqwb::networld_communicate::CNetworld_Communicate::Pimpl::VoiceGetConfig->[VoiceGetConfig]Try 1 times.still fail,voice_config=
Log file created at: 2016/07/05 17:12:24
Running on machine: ALLENHFCHEN-PC4
Log line format: [IWEF]mmdd hh:mm:ss.uuuuuu threadid file:line] msg
I0705 17:12:24.716274  5596 networld_communicate.cpp:928] iepm_qqwb::networld_communicate::CNetworld_Communicate::Pimpl::GetRole_login->[CNetworld_Communicate::LoginChanged]roleType is 13 when login
I0705 17:12:24.746273  7468 UdpServer.cpp:113] CUDPServer::CreateUdpServer->UDP Server Start Success!
I0705 17:12:24.766273  5596 networld_communicate.cpp:619] iepm_qqwb::networld_communicate::CNetworld_Communicate::Pimpl::startTcpSelectServer->Tcp Server Start!LocalIp:10.32.205.44,Port:10004
I0705 17:12:24.766273  5596 CVoiceBroadCast_Operate.cpp:399] qqwb::voicebroadcast::CVoiceBroadCast::GetNetbarAccount->Get sAccounts and iNetbarID success!sAccounts=lyclsgz,iNetbarID=186
E0705 17:12:25.266263  5596 networld_communicate.cpp:998] iepm_qqwb::networld_communicate::CNetworld_Communicate::Pimpl::VoiceGetConfig->server_comm  VoiceGetConfig fail,error nResult=-1,voice_config=
E0705 17:12:26.266242  5596 networld_communicate.cpp:1006] iepm_qqwb::networld_communicate::CNetworld_Communicate::Pimpl::VoiceGetConfig->[VoiceGetConfig]Try 1 times.still fail,voice_config=
I0705 17:12:39.771975  5596 networld_communicate.cpp:773] iepm_qqwb::networld_communicate::CNetworld_Communicate::Pimpl::StopUdpServerThrd->Enter [CUDPServer::SetStopFlag]
Log file created at: 2016/07/05 17:26:33
Running on machine: ALLENHFCHEN-PC4
Log line format: [IWEF]mmdd hh:mm:ss.uuuuuu threadid file:line] msg
I0705 17:26:33.301616 11824 networld_communicate.cpp:928] iepm_qqwb::networld_communicate::CNetworld_Communicate::Pimpl::GetRole_login->[CNetworld_Communicate::LoginChanged]roleType is 13 when login
I0705 17:26:33.302616 12052 UdpServer.cpp:113] CUDPServer::CreateUdpServer->UDP Server Start Success!
I0705 17:26:33.305616 11824 networld_communicate.cpp:619] iepm_qqwb::networld_communicate::CNetworld_Communicate::Pimpl::startTcpSelectServer->Tcp Server Start!LocalIp:10.32.205.44,Port:10004
I0705 17:26:33.305616 11824 CVoiceBroadCast_Operate.cpp:399] qqwb::voicebroadcast::CVoiceBroadCast::GetNetbarAccount->Get sAccounts and iNetbarID success!sAccounts=lyclsgz,iNetbarID=186
E0705 17:26:33.805616 11824 networld_communicate.cpp:998] iepm_qqwb::networld_communicate::CNetworld_Communicate::Pimpl::VoiceGetConfig->server_comm  VoiceGetConfig fail,error nResult=-1,voice_config=
E0705 17:26:34.805616 11824 networld_communicate.cpp:1006] iepm_qqwb::networld_communicate::CNetworld_Communicate::Pimpl::VoiceGetConfig->[VoiceGetConfig]Try 1 times.still fail,voice_config=
