生成启动时间为 2016/7/11 14:51:17。
     1>项目“E:\allen的vs学习工程\glog-allen定制版-1011011版本发布后修复\glog-0.3.3\vsprojects\libglog_static\libglog_static.vcxproj”在节点 2 上(rebuild 个目标)。
     1>_PrepareForClean:
         正在删除文件“Release_MT\libglog_static.lastbuildstate”。
       InitializeBuildStatus:
         正在创建“Release_MT\libglog_static.unsuccessfulbuild”，因为已指定“AlwaysCreate”。
       ClCompile:
         C:\Program Files (x86)\Microsoft Visual Studio 10.0\VC\bin\CL.exe /c /I..\..\src\windows /Zi /nologo /W3 /WX- /O2 /Oi /Oy- /GL /D GOOGLE_GLOG_DLL_DECL= /D _MBCS /Gm- /EHsc /MT /GS /Gy /fp:precise /Zc:wchar_t /Zc:forScope /Fo"Release_MT\\" /Fd"Release_MT\vc100.pdb" /Gd /TP /analyze- /errorReport:prompt ..\..\src\LogDelOperate.cpp ..\..\src\logging.cc ..\..\src\windows\port.cc ..\..\src\raw_logging.cc ..\..\src\utilities.cc ..\..\src\vlog_is_on.cc
         LogDelOperate.cpp
         logging.cc
         port.cc
         raw_logging.cc
         utilities.cc
         vlog_is_on.cc
       Lib:
         C:\Program Files (x86)\Microsoft Visual Studio 10.0\VC\bin\Lib.exe /OUT:"E:\allen的vs学习工程\glog-allen定制版-1011011版本发布后修复\glog-0.3.3\Release_MT\libglog_mt.lib" /NOLOGO /LTCG Release_MT\LogDelOperate.obj
         Release_MT\logging.obj
         Release_MT\port.obj
         Release_MT\raw_logging.obj
         Release_MT\utilities.obj
         Release_MT\vlog_is_on.obj
         libglog_static.vcxproj -> E:\allen的vs学习工程\glog-allen定制版-1011011版本发布后修复\glog-0.3.3\Release_MT\libglog_mt.lib
       FinalizeBuildStatus:
         正在删除文件“Release_MT\libglog_static.unsuccessfulbuild”。
         正在对“Release_MT\libglog_static.lastbuildstate”执行 Touch 任务。
     1>已完成生成项目“E:\allen的vs学习工程\glog-allen定制版-1011011版本发布后修复\glog-0.3.3\vsprojects\libglog_static\libglog_static.vcxproj”(rebuild 个目标)的操作。

生成成功。

已用时间 00:00:01.91
