E:\allen的vs学习工程\glog-allen定制版-1011011版本发布后修复\glog-0.3.3\vsprojects\libglog_static\Release_MT\cl.command.1.tlog
E:\allen的vs学习工程\glog-allen定制版-1011011版本发布后修复\glog-0.3.3\vsprojects\libglog_static\Release_MT\CL.read.1.tlog
E:\allen的vs学习工程\glog-allen定制版-1011011版本发布后修复\glog-0.3.3\vsprojects\libglog_static\Release_MT\CL.write.1.tlog
E:\allen的vs学习工程\glog-allen定制版-1011011版本发布后修复\glog-0.3.3\vsprojects\libglog_static\Release_MT\lib.command.1.tlog
E:\allen的vs学习工程\glog-allen定制版-1011011版本发布后修复\glog-0.3.3\vsprojects\libglog_static\Release_MT\libglog_static.write.1.tlog
E:\allen的vs学习工程\glog-allen定制版-1011011版本发布后修复\glog-0.3.3\vsprojects\libglog_static\Release_MT\Lib-link.read.1.tlog
E:\allen的vs学习工程\glog-allen定制版-1011011版本发布后修复\glog-0.3.3\vsprojects\libglog_static\Release_MT\Lib-link.write.1.tlog
E:\allen的vs学习工程\glog-allen定制版-1011011版本发布后修复\glog-0.3.3\vsprojects\libglog_static\Release_MT\LogDelOperate.obj
E:\allen的vs学习工程\glog-allen定制版-1011011版本发布后修复\glog-0.3.3\vsprojects\libglog_static\Release_MT\logging.obj
E:\allen的vs学习工程\glog-allen定制版-1011011版本发布后修复\glog-0.3.3\vsprojects\libglog_static\Release_MT\port.obj
E:\allen的vs学习工程\glog-allen定制版-1011011版本发布后修复\glog-0.3.3\vsprojects\libglog_static\Release_MT\raw_logging.obj
E:\allen的vs学习工程\glog-allen定制版-1011011版本发布后修复\glog-0.3.3\vsprojects\libglog_static\Release_MT\utilities.obj
E:\allen的vs学习工程\glog-allen定制版-1011011版本发布后修复\glog-0.3.3\vsprojects\libglog_static\Release_MT\vc100.pdb
E:\allen的vs学习工程\glog-allen定制版-1011011版本发布后修复\glog-0.3.3\vsprojects\libglog_static\Release_MT\vlog_is_on.obj
E:\GLOG-0.3.3\RELEASE_MT\LIBGLOG_MT.LIB
E:\GLOG-0.3.3\VSPROJECTS\LIBGLOG_STATIC\RELEASE_MT\LOGDELOPERATE.OBJ
E:\GLOG-0.3.3\VSPROJECTS\LIBGLOG_STATIC\RELEASE_MT\LOGGING.OBJ
E:\GLOG-0.3.3\VSPROJECTS\LIBGLOG_STATIC\RELEASE_MT\PORT.OBJ
E:\GLOG-0.3.3\VSPROJECTS\LIBGLOG_STATIC\RELEASE_MT\RAW_LOGGING.OBJ
E:\GLOG-0.3.3\VSPROJECTS\LIBGLOG_STATIC\RELEASE_MT\UTILITIES.OBJ
E:\GLOG-0.3.3\VSPROJECTS\LIBGLOG_STATIC\RELEASE_MT\VC100.PDB
E:\GLOG-0.3.3\VSPROJECTS\LIBGLOG_STATIC\RELEASE_MT\VLOG_IS_ON.OBJ
